<?xml version="1.0" encoding="UTF-8"?>
<testsuite xmlns:xsi="http://www.w3.org/2001/XMLSchema-instance" xsi:noNamespaceSchemaLocation="https://maven.apache.org/surefire/maven-surefire-plugin/xsd/surefire-test-report-3.0.xsd" version="3.0" name="com.inventory.repository.InventoryRepositoryTest" time="5.889" tests="3" errors="0" skipped="0" failures="0">
  <properties>
[...]
</properties>
  <testcase name="testSaveInventoryItem" classname="com.inventory.repository.InventoryRepositoryTest" time="0.23">
    <system-out><![CDATA[2025-06-19T22:35:26.042+05:30  INFO 10488 --- [           main] t.c.s.AnnotationConfigContextLoaderUtils : Could not detect default configuration classes for test class [com.inventory.repository.InventoryRepositoryTest]: InventoryRepositoryTest does not declare any static, non-private, non-final, nested classes annotated with @Configuration.
2025-06-19T22:35:26.061+05:30  INFO 10488 --- [           main] .b.t.c.SpringBootTestContextBootstrapper : Found @SpringBootConfiguration com.inventory.InventoryApplication for test class com.inventory.repository.InventoryRepositoryTest

  .   ____          _            __ _ _
 /\\ / ___'_ __ _ _(_)_ __  __ _ \ \ \ \
( ( )\___ | '_ | '_| | '_ \/ _` | \ \ \ \
 \\/  ___)| |_)| | | | | || (_| |  ) ) ) )
  '  |____| .__|_| |_|_| |_\__, | / / / /
 =========|_|==============|___/=/_/_/_/
 :: Spring Boot ::                (v3.1.0)

2025-06-19T22:35:26.181+05:30  INFO 10488 --- [           main] c.i.repository.InventoryRepositoryTest   : Starting InventoryRepositoryTest using Java 17.0.12 with PID 10488 (started by Administrator in C:\Users\User\hackathon\MasterRepoJun19\PraveenH\CRUD-GitVibe-2231378-2039032\Inventory-hub)
2025-06-19T22:35:26.182+05:30  INFO 10488 --- [           main] c.i.repository.InventoryRepositoryTest   : No active profile set, falling back to 1 default profile: "default"
2025-06-19T22:35:26.807+05:30  INFO 10488 --- [           main] .s.d.r.c.RepositoryConfigurationDelegate : Bootstrapping Spring Data JPA repositories in DEFAULT mode.
2025-06-19T22:35:26.985+05:30  INFO 10488 --- [           main] .s.d.r.c.RepositoryConfigurationDelegate : Finished Spring Data repository scanning in 127 ms. Found 1 JPA repository interfaces.
2025-06-19T22:35:27.214+05:30  INFO 10488 --- [           main] beddedDataSourceBeanFactoryPostProcessor : Replacing 'dataSource' DataSource bean with embedded version
2025-06-19T22:35:27.439+05:30  INFO 10488 --- [           main] o.s.j.d.e.EmbeddedDatabaseFactory        : Starting embedded database: url='jdbc:h2:mem:d3a499e3-5921-4b09-9b80-b1c9d66a019a;DB_CLOSE_DELAY=-1;DB_CLOSE_ON_EXIT=false', username='sa'
2025-06-19T22:35:28.097+05:30  INFO 10488 --- [           main] o.hibernate.jpa.internal.util.LogHelper  : HHH000204: Processing PersistenceUnitInfo [name: default]
2025-06-19T22:35:28.229+05:30  INFO 10488 --- [           main] org.hibernate.Version                    : HHH000412: Hibernate ORM core version 6.2.2.Final
2025-06-19T22:35:28.233+05:30  INFO 10488 --- [           main] org.hibernate.cfg.Environment            : HHH000406: Using bytecode reflection optimizer
2025-06-19T22:35:28.499+05:30  INFO 10488 --- [           main] o.h.b.i.BytecodeProviderInitiator        : HHH000021: Bytecode provider name : bytebuddy
2025-06-19T22:35:28.514+05:30  INFO 10488 --- [           main] o.s.o.j.p.SpringPersistenceUnitInfo      : No LoadTimeWeaver setup: ignoring JPA class transformer
2025-06-19T22:35:28.586+05:30  INFO 10488 --- [           main] org.hibernate.orm.dialect                : HHH035001: Using dialect: org.hibernate.dialect.H2Dialect, version: 2.1.214
2025-06-19T22:35:28.973+05:30  INFO 10488 --- [           main] o.h.b.i.BytecodeProviderInitiator        : HHH000021: Bytecode provider name : bytebuddy
2025-06-19T22:35:29.927+05:30  INFO 10488 --- [           main] o.h.e.t.j.p.i.JtaPlatformInitiator       : HHH000490: Using JtaPlatform implementation: [org.hibernate.engine.transaction.jta.platform.internal.NoJtaPlatform]
Hibernate: drop table if exists inventory_items cascade 
Hibernate: create table inventory_items (low_stock_threshold integer, price numeric(38,2) not null check (price>=0), quantity integer not null check (quantity>=0), created_at timestamp(6), id bigint generated by default as identity, updated_at timestamp(6), category varchar(255), image_url varchar(255), name varchar(255), sku varchar(255) unique, primary key (id))
2025-06-19T22:35:30.008+05:30  INFO 10488 --- [           main] o.h.t.s.i.e.GenerationTargetToDatabase   : HHH000476: Executing script '[injected ScriptSourceInputNonExistentImpl script]'
2025-06-19T22:35:30.012+05:30  INFO 10488 --- [           main] j.LocalContainerEntityManagerFactoryBean : Initialized JPA EntityManagerFactory for persistence unit 'default'
2025-06-19T22:35:30.676+05:30  INFO 10488 --- [           main] o.s.d.j.r.query.QueryEnhancerFactory     : Hibernate is in classpath; If applicable, HQL parser will be used.
2025-06-19T22:35:31.326+05:30  INFO 10488 --- [           main] c.i.repository.InventoryRepositoryTest   : Started InventoryRepositoryTest in 5.254 seconds (process running for 13.649)
Hibernate: insert into inventory_items (category,created_at,image_url,low_stock_threshold,name,price,quantity,sku,updated_at,id) values (?,?,?,?,?,?,?,?,?,default)
]]></system-out>
  </testcase>
  <testcase name="testFindByName" classname="com.inventory.repository.InventoryRepositoryTest" time="0.323">
    <system-out><![CDATA[Hibernate: insert into inventory_items (category,created_at,image_url,low_stock_threshold,name,price,quantity,sku,updated_at,id) values (?,?,?,?,?,?,?,?,?,default)
Hibernate: select i1_0.id,i1_0.category,i1_0.created_at,i1_0.image_url,i1_0.low_stock_threshold,i1_0.name,i1_0.price,i1_0.quantity,i1_0.sku,i1_0.updated_at from inventory_items i1_0 where i1_0.name=?
]]></system-out>
  </testcase>
  <testcase name="testDeleteInventoryItem" classname="com.inventory.repository.InventoryRepositoryTest" time="0.036">
    <system-out><![CDATA[Hibernate: insert into inventory_items (category,created_at,image_url,low_stock_threshold,name,price,quantity,sku,updated_at,id) values (?,?,?,?,?,?,?,?,?,default)
]]></system-out>
  </testcase>
</testsuite>