<?xml version="1.0" encoding="UTF-8"?>
<!-- Generated by org.testng.reporters.JUnitXMLReporter -->
<testsuite ignored="0" hostname="2e2b87a67fea59f" failures="0" tests="16" name="Surefire test" time="8.288" errors="0" timestamp="2025-06-19T13:13:27 IST">
  <testcase classname="com.dailyjournal.tests.DailyJournalSmokeTests" name="@BeforeMethod setUp" time="8.204">
    <failure type="org.openqa.selenium.SessionNotCreatedException" message="Could not start a new session. Response code 500. Message: session not created: This version of ChromeDriver only supports Chrome version 114
Current browser version is 137.0.7151.104 with binary path C:\Program Files\Google\Chrome\Application\chrome.exe 
Host info: host: &amp;apos;2E2B87A67FEA59F&amp;apos;, ip: &amp;apos;172.19.5.183&amp;apos;
Build info: version: &amp;apos;4.16.1&amp;apos;, revision: &amp;apos;9b4c83354e&amp;apos;
System info: os.name: &amp;apos;Windows 10&amp;apos;, os.arch: &amp;apos;amd64&amp;apos;, os.version: &amp;apos;10.0&amp;apos;, java.version: &amp;apos;17.0.12&amp;apos;
Driver info: org.openqa.selenium.chrome.ChromeDriver
Command: [null, newSession {capabilities=[Capabilities {browserName: chrome, goog:chromeOptions: {args: [--remote-allow-origins=*, --no-sandbox, --disable-dev-shm-usage], extensions: []}}]}]">
      <![CDATA[org.openqa.selenium.SessionNotCreatedException: Could not start a new session. Response code 500. Message: session not created: This version of ChromeDriver only supports Chrome version 114
Current browser version is 137.0.7151.104 with binary path C:\Program Files\Google\Chrome\Application\chrome.exe 
Host info: host: '2E2B87A67FEA59F', ip: '172.19.5.183'
Build info: version: '4.16.1', revision: '9b4c83354e'
System info: os.name: 'Windows 10', os.arch: 'amd64', os.version: '10.0', java.version: '17.0.12'
Driver info: org.openqa.selenium.chrome.ChromeDriver
Command: [null, newSession {capabilities=[Capabilities {browserName: chrome, goog:chromeOptions: {args: [--remote-allow-origins=*, --no-sandbox, --disable-dev-shm-usage], extensions: []}}]}]
at org.openqa.selenium.remote.ProtocolHandshake.createSession(ProtocolHandshake.java:140)
at org.openqa.selenium.remote.ProtocolHandshake.createSession(ProtocolHandshake.java:96)
at org.openqa.selenium.remote.ProtocolHandshake.createSession(ProtocolHandshake.java:68)
at org.openqa.selenium.remote.HttpCommandExecutor.execute(HttpCommandExecutor.java:163)
at org.openqa.selenium.remote.service.DriverCommandExecutor.invokeExecute(DriverCommandExecutor.java:200)
at org.openqa.selenium.remote.service.DriverCommandExecutor.execute(DriverCommandExecutor.java:175)
at org.openqa.selenium.remote.RemoteWebDriver.execute(RemoteWebDriver.java:523)
at org.openqa.selenium.remote.RemoteWebDriver.startSession(RemoteWebDriver.java:237)
at org.openqa.selenium.remote.RemoteWebDriver.<init>(RemoteWebDriver.java:164)
at org.openqa.selenium.chromium.ChromiumDriver.<init>(ChromiumDriver.java:114)
at org.openqa.selenium.chrome.ChromeDriver.<init>(ChromeDriver.java:89)
at org.openqa.selenium.chrome.ChromeDriver.<init>(ChromeDriver.java:84)
at org.openqa.selenium.chrome.ChromeDriver.<init>(ChromeDriver.java:73)
at com.dailyjournal.utils.WebDriverFactory.getChrome137Driver(WebDriverFactory.java:135)
at com.dailyjournal.utils.WebDriverFactory.setupDriver(WebDriverFactory.java:102)
at com.dailyjournal.tests.DailyJournalSmokeTests.setUp(DailyJournalSmokeTests.java:25)
at java.base/java.util.ArrayList.forEach(ArrayList.java:1511)
... Removed 36 stack frames]]>
    </failure>
  </testcase> <!-- @BeforeMethod setUp -->
  <testcase classname="com.dailyjournal.tests.DailyJournalSmokeTests" name="@AfterMethod tearDown" time="-1.750319007347E9">
    <skipped/>
  </testcase> <!-- @AfterMethod tearDown -->
  <testcase classname="com.dailyjournal.tests.DailyJournalSmokeTests" name="@BeforeMethod setUp" time="-1.750319007348E9">
    <skipped/>
  </testcase> <!-- @BeforeMethod setUp -->
  <testcase classname="com.dailyjournal.tests.DailyJournalSmokeTests" name="@AfterMethod tearDown" time="-1.750319007349E9">
    <skipped/>
  </testcase> <!-- @AfterMethod tearDown -->
  <testcase classname="com.dailyjournal.tests.DailyJournalSmokeTests" name="@BeforeMethod setUp" time="-1.750319007349E9">
    <skipped/>
  </testcase> <!-- @BeforeMethod setUp -->
  <testcase classname="com.dailyjournal.tests.DailyJournalSmokeTests" name="@AfterMethod tearDown" time="-1.75031900735E9">
    <skipped/>
  </testcase> <!-- @AfterMethod tearDown -->
  <testcase classname="com.dailyjournal.tests.DailyJournalSmokeTests" name="@BeforeMethod setUp" time="-1.75031900735E9">
    <skipped/>
  </testcase> <!-- @BeforeMethod setUp -->
  <testcase classname="com.dailyjournal.tests.DailyJournalSmokeTests" name="@AfterMethod tearDown" time="-1.750319007351E9">
    <skipped/>
  </testcase> <!-- @AfterMethod tearDown -->
  <testcase classname="com.dailyjournal.tests.DailyJournalSmokeTests" name="@BeforeMethod setUp" time="-1.750319007351E9">
    <skipped/>
  </testcase> <!-- @BeforeMethod setUp -->
  <testcase classname="com.dailyjournal.tests.DailyJournalSmokeTests" name="@AfterMethod tearDown" time="-1.750319007352E9">
    <skipped/>
  </testcase> <!-- @AfterMethod tearDown -->
  <testcase classname="com.dailyjournal.tests.DailyJournalSmokeTests" name="@BeforeMethod setUp" time="-1.750319007352E9">
    <skipped/>
  </testcase> <!-- @BeforeMethod setUp -->
  <testcase classname="com.dailyjournal.tests.DailyJournalSmokeTests" name="@AfterMethod tearDown" time="-1.750319007352E9">
    <skipped/>
  </testcase> <!-- @AfterMethod tearDown -->
  <testcase classname="com.dailyjournal.tests.DailyJournalSmokeTests" name="@BeforeMethod setUp" time="-1.750319007353E9">
    <skipped/>
  </testcase> <!-- @BeforeMethod setUp -->
  <testcase classname="com.dailyjournal.tests.DailyJournalSmokeTests" name="@AfterMethod tearDown" time="-1.750319007353E9">
    <skipped/>
  </testcase> <!-- @AfterMethod tearDown -->
  <testcase classname="com.dailyjournal.tests.DailyJournalSmokeTests" name="@BeforeMethod setUp" time="-1.750319007354E9">
    <skipped/>
  </testcase> <!-- @BeforeMethod setUp -->
  <testcase classname="com.dailyjournal.tests.DailyJournalSmokeTests" name="@AfterMethod tearDown" time="-1.750319007354E9">
    <skipped/>
  </testcase> <!-- @AfterMethod tearDown -->
  <testcase classname="com.dailyjournal.tests.DailyJournalSmokeTests" name="@BeforeMethod setUp" time="-1.750319007355E9">
    <skipped/>
  </testcase> <!-- @BeforeMethod setUp -->
  <testcase classname="com.dailyjournal.tests.DailyJournalSmokeTests" name="@AfterMethod tearDown" time="-1.750319007355E9">
    <skipped/>
  </testcase> <!-- @AfterMethod tearDown -->
  <testcase classname="com.dailyjournal.tests.DailyJournalSmokeTests" name="@BeforeMethod setUp" time="-1.750319007356E9">
    <skipped/>
  </testcase> <!-- @BeforeMethod setUp -->
  <testcase classname="com.dailyjournal.tests.DailyJournalSmokeTests" name="@AfterMethod tearDown" time="-1.750319007358E9">
    <skipped/>
  </testcase> <!-- @AfterMethod tearDown -->
  <testcase classname="com.dailyjournal.tests.DailyJournalSmokeTests" name="@BeforeMethod setUp" time="-1.750319007358E9">
    <skipped/>
  </testcase> <!-- @BeforeMethod setUp -->
  <testcase classname="com.dailyjournal.tests.DailyJournalSmokeTests" name="@AfterMethod tearDown" time="-1.750319007359E9">
    <skipped/>
  </testcase> <!-- @AfterMethod tearDown -->
  <testcase classname="com.dailyjournal.tests.DailyJournalSmokeTests" name="@BeforeMethod setUp" time="-1.750319007362E9">
    <skipped/>
  </testcase> <!-- @BeforeMethod setUp -->
  <testcase classname="com.dailyjournal.tests.DailyJournalSmokeTests" name="@AfterMethod tearDown" time="-1.750319007363E9">
    <skipped/>
  </testcase> <!-- @AfterMethod tearDown -->
  <testcase classname="com.dailyjournal.tests.DailyJournalSmokeTests" name="@BeforeMethod setUp" time="-1.750319007363E9">
    <skipped/>
  </testcase> <!-- @BeforeMethod setUp -->
  <testcase classname="com.dailyjournal.tests.DailyJournalSmokeTests" name="@AfterMethod tearDown" time="-1.750319007364E9">
    <skipped/>
  </testcase> <!-- @AfterMethod tearDown -->
  <testcase classname="com.dailyjournal.tests.DailyJournalSmokeTests" name="@BeforeMethod setUp" time="-1.750319007364E9">
    <skipped/>
  </testcase> <!-- @BeforeMethod setUp -->
  <testcase classname="com.dailyjournal.tests.DailyJournalSmokeTests" name="@AfterMethod tearDown" time="-1.750319007364E9">
    <skipped/>
  </testcase> <!-- @AfterMethod tearDown -->
  <testcase classname="com.dailyjournal.tests.DailyJournalSmokeTests" name="@BeforeMethod setUp" time="-1.750319007365E9">
    <skipped/>
  </testcase> <!-- @BeforeMethod setUp -->
  <testcase classname="com.dailyjournal.tests.DailyJournalSmokeTests" name="@AfterMethod tearDown" time="-1.750319007365E9">
    <skipped/>
  </testcase> <!-- @AfterMethod tearDown -->
  <testcase classname="com.dailyjournal.tests.DailyJournalSmokeTests" name="testBrowserCompatibility" time="0.0">
    <skipped/>
  </testcase> <!-- testBrowserCompatibility -->
  <testcase classname="com.dailyjournal.tests.DailyJournalSmokeTests" name="testChangeMood" time="0.0">
    <skipped/>
  </testcase> <!-- testChangeMood -->
  <testcase classname="com.dailyjournal.tests.DailyJournalSmokeTests" name="testCreateJournalEntry" time="0.0">
    <skipped/>
  </testcase> <!-- testCreateJournalEntry -->
  <testcase classname="com.dailyjournal.tests.DailyJournalSmokeTests" name="testDeleteJournalEntry" time="0.0">
    <skipped/>
  </testcase> <!-- testDeleteJournalEntry -->
  <testcase classname="com.dailyjournal.tests.DailyJournalSmokeTests" name="testEditJournalEntry" time="0.0">
    <skipped/>
  </testcase> <!-- testEditJournalEntry -->
  <testcase classname="com.dailyjournal.tests.DailyJournalSmokeTests" name="testExportMoodData" time="0.0">
    <skipped/>
  </testcase> <!-- testExportMoodData -->
  <testcase classname="com.dailyjournal.tests.DailyJournalSmokeTests" name="testFilterMoodByDate" time="0.0">
    <skipped/>
  </testcase> <!-- testFilterMoodByDate -->
  <testcase classname="com.dailyjournal.tests.DailyJournalSmokeTests" name="testMobileResponsiveness" time="0.0">
    <skipped/>
  </testcase> <!-- testMobileResponsiveness -->
  <testcase classname="com.dailyjournal.tests.DailyJournalSmokeTests" name="testMoodOptions" time="0.0">
    <skipped/>
  </testcase> <!-- testMoodOptions -->
  <testcase classname="com.dailyjournal.tests.DailyJournalSmokeTests" name="testMoodSelection" time="0.0">
    <skipped/>
  </testcase> <!-- testMoodSelection -->
  <testcase classname="com.dailyjournal.tests.DailyJournalSmokeTests" name="testUserLogin" time="0.0">
    <skipped/>
  </testcase> <!-- testUserLogin -->
  <testcase classname="com.dailyjournal.tests.DailyJournalSmokeTests" name="testUserLogout" time="0.0">
    <skipped/>
  </testcase> <!-- testUserLogout -->
  <testcase classname="com.dailyjournal.tests.DailyJournalSmokeTests" name="testUserRegistration" time="0.0">
    <skipped/>
  </testcase> <!-- testUserRegistration -->
  <testcase classname="com.dailyjournal.tests.DailyJournalSmokeTests" name="testViewJournalEntry" time="0.0">
    <skipped/>
  </testcase> <!-- testViewJournalEntry -->
  <testcase classname="com.dailyjournal.tests.DailyJournalSmokeTests" name="testViewMoodTrends" time="0.0">
    <skipped/>
  </testcase> <!-- testViewMoodTrends -->
  <testcase classname="com.dailyjournal.tests.LoginTest" name="testLogin" time="0.001"/>
</testsuite> <!-- Surefire test -->
